# JRE version: OpenJDK Runtime Environment Temurin-21.0.8+9 (21.0.8+9) (build 21.0.8+9-LTS)
# Java VM: OpenJDK 64-Bit Server VM Temurin-21.0.8+9 (21.0.8+9-LTS, mixed mode, sharing, tiered, compressed oops, compressed class ptrs, parallel gc, windows-amd64)
GC Precious Log:
 CardTable entry size: 512
 CPUs: 16 total, 16 available
 Memory: 16122M
 Large Page Support: Disabled
 NUMA Support: Disabled
 Compressed Oops: Enabled (32-bit)
 Alignments: Space 512K, Generation 512K, Heap 2M
 Heap Min Capacity: 100M
 Heap Initial Capacity: 100M
 Heap Max Capacity: 2G
 Pre-touch: Disabled
 Parallel Workers: 13
Heap:
 PSYoungGen      total 20992K, used 5025K [0x00000000d5580000, 0x00000000d6c80000, 0x0000000100000000)
  eden space 19456K, 18% used [0x00000000d5580000,0x00000000d58efc48,0x00000000d6880000)
  from space 1536K, 98% used [0x00000000d6880000,0x00000000d69f8998,0x00000000d6a00000)
  to   space 2048K, 0% used [0x00000000d6a80000,0x00000000d6a80000,0x00000000d6c80000)
 ParOldGen       total 68608K, used 48014K [0x0000000080000000, 0x0000000084300000, 0x00000000d5580000)
  object space 68608K, 69% used [0x0000000080000000,0x0000000082ee3a80,0x0000000084300000)
 Metaspace       used 65850K, committed 67200K, reserved 1114112K
  class space    used 6923K, committed 7552K, reserved 1048576K
GC Heap History (20 events):
Event: 9.643 GC heap before
{Heap before GC invocations=35 (full 3):
 PSYoungGen      total 22528K, used 21504K [0x00000000d5580000, 0x00000000d6c80000, 0x0000000100000000)
  eden space 21504K, 100% used [0x00000000d5580000,0x00000000d6a80000,0x00000000d6a80000)
  from space 1024K, 0% used [0x00000000d6a80000,0x00000000d6a80000,0x00000000d6b80000)
  to   space 1024K, 0% used [0x00000000d6b80000,0x00000000d6b80000,0x00000000d6c80000)
 ParOldGen       total 68608K, used 40198K [0x0000000080000000, 0x0000000084300000, 0x00000000d5580000)
  object space 68608K, 58% used [0x0000000080000000,0x0000000082741970,0x0000000084300000)
 Metaspace       used 61039K, committed 62336K, reserved 1114112K
  class space    used 6651K, committed 7232K, reserved 1048576K
}
Event: 9.644 GC heap after
{Heap after GC invocations=35 (full 3):
 PSYoungGen      total 20480K, used 1023K [0x00000000d5580000, 0x00000000d7080000, 0x0000000100000000)
  eden space 19456K, 0% used [0x00000000d5580000,0x00000000d5580000,0x00000000d6880000)
  from space 1024K, 99% used [0x00000000d6b80000,0x00000000d6c7fde0,0x00000000d6c80000)
  to   space 3072K, 0% used [0x00000000d6880000,0x00000000d6880000,0x00000000d6b80000)
 ParOldGen       total 68608K, used 41783K [0x0000000080000000, 0x0000000084300000, 0x00000000d5580000)
  object space 68608K, 60% used [0x0000000080000000,0x00000000828cdd40,0x0000000084300000)
 Metaspace       used 61039K, committed 62336K, reserved 1114112K
  class space    used 6651K, committed 7232K, reserved 1048576K
}
Event: 9.695 GC heap before
{Heap before GC invocations=36 (full 3):
 PSYoungGen      total 20480K, used 20466K [0x00000000d5580000, 0x00000000d7080000, 0x0000000100000000)
  eden space 19456K, 99% used [0x00000000d5580000,0x00000000d687cd10,0x00000000d6880000)
  from space 1024K, 99% used [0x00000000d6b80000,0x00000000d6c7fde0,0x00000000d6c80000)
  to   space 3072K, 0% used [0x00000000d6880000,0x00000000d6880000,0x00000000d6b80000)
 ParOldGen       total 68608K, used 41783K [0x0000000080000000, 0x0000000084300000, 0x00000000d5580000)
  object space 68608K, 60% used [0x0000000080000000,0x00000000828cdd40,0x0000000084300000)
 Metaspace       used 61057K, committed 62400K, reserved 1114112K
  class space    used 6651K, committed 7232K, reserved 1048576K
}
Event: 9.696 GC heap after
{Heap after GC invocations=36 (full 3):
 PSYoungGen      total 20480K, used 695K [0x00000000d5580000, 0x00000000d6c00000, 0x0000000100000000)
  eden space 19456K, 0% used [0x00000000d5580000,0x00000000d5580000,0x00000000d6880000)
  from space 1024K, 67% used [0x00000000d6880000,0x00000000d692ddd8,0x00000000d6980000)
  to   space 1536K, 0% used [0x00000000d6a80000,0x00000000d6a80000,0x00000000d6c00000)
 ParOldGen       total 68608K, used 42696K [0x0000000080000000, 0x0000000084300000, 0x00000000d5580000)
  object space 68608K, 62% used [0x0000000080000000,0x00000000829b2250,0x0000000084300000)
 Metaspace       used 61057K, committed 62400K, reserved 1114112K
  class space    used 6651K, committed 7232K, reserved 1048576K
}
Event: 9.873 GC heap before
{Heap before GC invocations=37 (full 3):
 PSYoungGen      total 20480K, used 20151K [0x00000000d5580000, 0x00000000d6c00000, 0x0000000100000000)
  eden space 19456K, 100% used [0x00000000d5580000,0x00000000d6880000,0x00000000d6880000)
  from space 1024K, 67% used [0x00000000d6880000,0x00000000d692ddd8,0x00000000d6980000)
  to   space 1536K, 0% used [0x00000000d6a80000,0x00000000d6a80000,0x00000000d6c00000)
 ParOldGen       total 68608K, used 42696K [0x0000000080000000, 0x0000000084300000, 0x00000000d5580000)
  object space 68608K, 62% used [0x0000000080000000,0x00000000829b2250,0x0000000084300000)
 Metaspace       used 62860K, committed 64128K, reserved 1114112K
  class space    used 6805K, committed 7360K, reserved 1048576K
}
Event: 9.874 GC heap after
{Heap after GC invocations=37 (full 3):
 PSYoungGen      total 19968K, used 416K [0x00000000d5580000, 0x00000000d6b00000, 0x0000000100000000)
  eden space 19456K, 0% used [0x00000000d5580000,0x00000000d5580000,0x00000000d6880000)
  from space 512K, 81% used [0x00000000d6a80000,0x00000000d6ae8000,0x00000000d6b00000)
  to   space 1024K, 0% used [0x00000000d6900000,0x00000000d6900000,0x00000000d6a00000)
 ParOldGen       total 68608K, used 43058K [0x0000000080000000, 0x0000000084300000, 0x00000000d5580000)
  object space 68608K, 62% used [0x0000000080000000,0x0000000082a0c950,0x0000000084300000)
 Metaspace       used 62860K, committed 64128K, reserved 1114112K
  class space    used 6805K, committed 7360K, reserved 1048576K
}
Event: 10.063 GC heap before
{Heap before GC invocations=38 (full 3):
 PSYoungGen      total 19968K, used 19872K [0x00000000d5580000, 0x00000000d6b00000, 0x0000000100000000)
  eden space 19456K, 100% used [0x00000000d5580000,0x00000000d6880000,0x00000000d6880000)
  from space 512K, 81% used [0x00000000d6a80000,0x00000000d6ae8000,0x00000000d6b00000)
  to   space 1024K, 0% used [0x00000000d6900000,0x00000000d6900000,0x00000000d6a00000)
 ParOldGen       total 68608K, used 43058K [0x0000000080000000, 0x0000000084300000, 0x00000000d5580000)
  object space 68608K, 62% used [0x0000000080000000,0x0000000082a0c950,0x0000000084300000)
 Metaspace       used 63428K, committed 64768K, reserved 1114112K
  class space    used 6820K, committed 7424K, reserved 1048576K
}
Event: 10.064 GC heap after
{Heap after GC invocations=38 (full 3):
 PSYoungGen      total 20480K, used 679K [0x00000000d5580000, 0x00000000d6b00000, 0x0000000100000000)
  eden space 19456K, 0% used [0x00000000d5580000,0x00000000d5580000,0x00000000d6880000)
  from space 1024K, 66% used [0x00000000d6900000,0x00000000d69a9c10,0x00000000d6a00000)
  to   space 1024K, 0% used [0x00000000d6a00000,0x00000000d6a00000,0x00000000d6b00000)
 ParOldGen       total 68608K, used 43346K [0x0000000080000000, 0x0000000084300000, 0x00000000d5580000)
  object space 68608K, 63% used [0x0000000080000000,0x0000000082a54be8,0x0000000084300000)
 Metaspace       used 63428K, committed 64768K, reserved 1114112K
  class space    used 6820K, committed 7424K, reserved 1048576K
}
Event: 10.296 GC heap before
{Heap before GC invocations=39 (full 3):
 PSYoungGen      total 20480K, used 20135K [0x00000000d5580000, 0x00000000d6b00000, 0x0000000100000000)
  eden space 19456K, 100% used [0x00000000d5580000,0x00000000d6880000,0x00000000d6880000)
  from space 1024K, 66% used [0x00000000d6900000,0x00000000d69a9c10,0x00000000d6a00000)
  to   space 1024K, 0% used [0x00000000d6a00000,0x00000000d6a00000,0x00000000d6b00000)
 ParOldGen       total 68608K, used 43346K [0x0000000080000000, 0x0000000084300000, 0x00000000d5580000)
  object space 68608K, 63% used [0x0000000080000000,0x0000000082a54be8,0x0000000084300000)
 Metaspace       used 63880K, committed 65216K, reserved 1114112K
  class space    used 6823K, committed 7424K, reserved 1048576K
}
Event: 10.297 GC heap after
{Heap after GC invocations=39 (full 3):
 PSYoungGen      total 20480K, used 544K [0x00000000d5580000, 0x00000000d6b00000, 0x0000000100000000)
  eden space 19456K, 0% used [0x00000000d5580000,0x00000000d5580000,0x00000000d6880000)
  from space 1024K, 53% used [0x00000000d6a00000,0x00000000d6a88000,0x00000000d6b00000)
  to   space 1024K, 0% used [0x00000000d6900000,0x00000000d6900000,0x00000000d6a00000)
 ParOldGen       total 68608K, used 43717K [0x0000000080000000, 0x0000000084300000, 0x00000000d5580000)
  object space 68608K, 63% used [0x0000000080000000,0x0000000082ab1598,0x0000000084300000)
 Metaspace       used 63880K, committed 65216K, reserved 1114112K
  class space    used 6823K, committed 7424K, reserved 1048576K
}
Event: 10.530 GC heap before
{Heap before GC invocations=40 (full 3):
 PSYoungGen      total 20480K, used 20000K [0x00000000d5580000, 0x00000000d6b00000, 0x0000000100000000)
  eden space 19456K, 100% used [0x00000000d5580000,0x00000000d6880000,0x00000000d6880000)
  from space 1024K, 53% used [0x00000000d6a00000,0x00000000d6a88000,0x00000000d6b00000)
  to   space 1024K, 0% used [0x00000000d6900000,0x00000000d6900000,0x00000000d6a00000)
 ParOldGen       total 68608K, used 43717K [0x0000000080000000, 0x0000000084300000, 0x00000000d5580000)
  object space 68608K, 63% used [0x0000000080000000,0x0000000082ab1598,0x0000000084300000)
 Metaspace       used 64227K, committed 65600K, reserved 1114112K
  class space    used 6830K, committed 7424K, reserved 1048576K
}
Event: 10.531 GC heap after
{Heap after GC invocations=40 (full 3):
 PSYoungGen      total 20480K, used 1024K [0x00000000d5580000, 0x00000000d6b80000, 0x0000000100000000)
  eden space 19456K, 0% used [0x00000000d5580000,0x00000000d5580000,0x00000000d6880000)
  from space 1024K, 100% used [0x00000000d6900000,0x00000000d6a00000,0x00000000d6a00000)
  to   space 1536K, 0% used [0x00000000d6a00000,0x00000000d6a00000,0x00000000d6b80000)
 ParOldGen       total 68608K, used 43893K [0x0000000080000000, 0x0000000084300000, 0x00000000d5580000)
  object space 68608K, 63% used [0x0000000080000000,0x0000000082add598,0x0000000084300000)
 Metaspace       used 64227K, committed 65600K, reserved 1114112K
  class space    used 6830K, committed 7424K, reserved 1048576K
}
Event: 10.881 GC heap before
{Heap before GC invocations=41 (full 3):
 PSYoungGen      total 20480K, used 20480K [0x00000000d5580000, 0x00000000d6b80000, 0x0000000100000000)
  eden space 19456K, 100% used [0x00000000d5580000,0x00000000d6880000,0x00000000d6880000)
  from space 1024K, 100% used [0x00000000d6900000,0x00000000d6a00000,0x00000000d6a00000)
  to   space 1536K, 0% used [0x00000000d6a00000,0x00000000d6a00000,0x00000000d6b80000)
 ParOldGen       total 68608K, used 43893K [0x0000000080000000, 0x0000000084300000, 0x00000000d5580000)
  object space 68608K, 63% used [0x0000000080000000,0x0000000082add598,0x0000000084300000)
 Metaspace       used 64651K, committed 66048K, reserved 1114112K
  class space    used 6866K, committed 7488K, reserved 1048576K
}
Event: 10.883 GC heap after
{Heap after GC invocations=41 (full 3):
 PSYoungGen      total 20992K, used 1319K [0x00000000d5580000, 0x00000000d6b80000, 0x0000000100000000)
  eden space 19456K, 0% used [0x00000000d5580000,0x00000000d5580000,0x00000000d6880000)
  from space 1536K, 85% used [0x00000000d6a00000,0x00000000d6b49f68,0x00000000d6b80000)
  to   space 1536K, 0% used [0x00000000d6880000,0x00000000d6880000,0x00000000d6a00000)
 ParOldGen       total 68608K, used 44632K [0x0000000080000000, 0x0000000084300000, 0x00000000d5580000)
  object space 68608K, 65% used [0x0000000080000000,0x0000000082b96110,0x0000000084300000)
 Metaspace       used 64651K, committed 66048K, reserved 1114112K
  class space    used 6866K, committed 7488K, reserved 1048576K
}
Event: 11.255 GC heap before
{Heap before GC invocations=42 (full 3):
 PSYoungGen      total 20992K, used 20775K [0x00000000d5580000, 0x00000000d6b80000, 0x0000000100000000)
  eden space 19456K, 100% used [0x00000000d5580000,0x00000000d6880000,0x00000000d6880000)
  from space 1536K, 85% used [0x00000000d6a00000,0x00000000d6b49f68,0x00000000d6b80000)
  to   space 1536K, 0% used [0x00000000d6880000,0x00000000d6880000,0x00000000d6a00000)
 ParOldGen       total 68608K, used 44632K [0x0000000080000000, 0x0000000084300000, 0x00000000d5580000)
  object space 68608K, 65% used [0x0000000080000000,0x0000000082b96110,0x0000000084300000)
 Metaspace       used 65286K, committed 66624K, reserved 1114112K
  class space    used 6911K, committed 7488K, reserved 1048576K
}
Event: 11.257 GC heap after
{Heap after GC invocations=42 (full 3):
 PSYoungGen      total 20992K, used 1472K [0x00000000d5580000, 0x00000000d6b80000, 0x0000000100000000)
  eden space 19456K, 0% used [0x00000000d5580000,0x00000000d5580000,0x00000000d6880000)
  from space 1536K, 95% used [0x00000000d6880000,0x00000000d69f0000,0x00000000d6a00000)
  to   space 1536K, 0% used [0x00000000d6a00000,0x00000000d6a00000,0x00000000d6b80000)
 ParOldGen       total 68608K, used 45946K [0x0000000080000000, 0x0000000084300000, 0x00000000d5580000)
  object space 68608K, 66% used [0x0000000080000000,0x0000000082cde998,0x0000000084300000)
 Metaspace       used 65286K, committed 66624K, reserved 1114112K
  class space    used 6911K, committed 7488K, reserved 1048576K
}
Event: 11.506 GC heap before
{Heap before GC invocations=43 (full 3):
 PSYoungGen      total 20992K, used 20928K [0x00000000d5580000, 0x00000000d6b80000, 0x0000000100000000)
  eden space 19456K, 100% used [0x00000000d5580000,0x00000000d6880000,0x00000000d6880000)
  from space 1536K, 95% used [0x00000000d6880000,0x00000000d69f0000,0x00000000d6a00000)
  to   space 1536K, 0% used [0x00000000d6a00000,0x00000000d6a00000,0x00000000d6b80000)
 ParOldGen       total 68608K, used 45946K [0x0000000080000000, 0x0000000084300000, 0x00000000d5580000)
  object space 68608K, 66% used [0x0000000080000000,0x0000000082cde998,0x0000000084300000)
 Metaspace       used 65583K, committed 66880K, reserved 1114112K
  class space    used 6920K, committed 7488K, reserved 1048576K
}
Event: 11.508 GC heap after
{Heap after GC invocations=43 (full 3):
 PSYoungGen      total 20992K, used 1170K [0x00000000d5580000, 0x00000000d6b80000, 0x0000000100000000)
  eden space 19456K, 0% used [0x00000000d5580000,0x00000000d5580000,0x00000000d6880000)
  from space 1536K, 76% used [0x00000000d6a00000,0x00000000d6b24980,0x00000000d6b80000)
  to   space 1536K, 0% used [0x00000000d6880000,0x00000000d6880000,0x00000000d6a00000)
 ParOldGen       total 68608K, used 47108K [0x0000000080000000, 0x0000000084300000, 0x00000000d5580000)
  object space 68608K, 68% used [0x0000000080000000,0x0000000082e01158,0x0000000084300000)
 Metaspace       used 65583K, committed 66880K, reserved 1114112K
  class space    used 6920K, committed 7488K, reserved 1048576K
}
Event: 11.760 GC heap before
{Heap before GC invocations=44 (full 3):
 PSYoungGen      total 20992K, used 20626K [0x00000000d5580000, 0x00000000d6b80000, 0x0000000100000000)
  eden space 19456K, 100% used [0x00000000d5580000,0x00000000d6880000,0x00000000d6880000)
  from space 1536K, 76% used [0x00000000d6a00000,0x00000000d6b24980,0x00000000d6b80000)
  to   space 1536K, 0% used [0x00000000d6880000,0x00000000d6880000,0x00000000d6a00000)
 ParOldGen       total 68608K, used 47108K [0x0000000080000000, 0x0000000084300000, 0x00000000d5580000)
  object space 68608K, 68% used [0x0000000080000000,0x0000000082e01158,0x0000000084300000)
 Metaspace       used 65762K, committed 67136K, reserved 1114112K
  class space    used 6922K, committed 7552K, reserved 1048576K
}
Event: 11.762 GC heap after
{Heap after GC invocations=44 (full 3):
 PSYoungGen      total 20992K, used 1506K [0x00000000d5580000, 0x00000000d6c80000, 0x0000000100000000)
  eden space 19456K, 0% used [0x00000000d5580000,0x00000000d5580000,0x00000000d6880000)
  from space 1536K, 98% used [0x00000000d6880000,0x00000000d69f8998,0x00000000d6a00000)
  to   space 2048K, 0% used [0x00000000d6a80000,0x00000000d6a80000,0x00000000d6c80000)
 ParOldGen       total 68608K, used 48014K [0x0000000080000000, 0x0000000084300000, 0x00000000d5580000)
  object space 68608K, 69% used [0x0000000080000000,0x0000000082ee3a80,0x0000000084300000)
 Metaspace       used 65762K, committed 67136K, reserved 1114112K
  class space    used 6922K, committed 7552K, reserved 1048576K
}

